# JRE version: Java(TM) SE Runtime Environment (8.0_241-b07) (build 1.8.0_241-b07)
# Java VM: Java HotSpot(TM) Client VM (25.241-b07 mixed mode windows-x86 )
Heap:
 def new generation   total 4992K, used 4473K [0x05200000, 0x05760000, 0x0a750000)
  eden space 4480K,  88% used [0x05200000, 0x055de6f0, 0x05660000)
  from space 512K, 100% used [0x05660000, 0x056e0000, 0x056e0000)
  to   space 512K,   0% used [0x056e0000, 0x056e0000, 0x05760000)
 tenured generation   total 10944K, used 7514K [0x0a750000, 0x0b200000, 0x15200000)
   the space 10944K,  68% used [0x0a750000, 0x0aea6888, 0x0aea6a00, 0x0b200000)
 Metaspace       used 14977K, capacity 15590K, committed 15616K, reserved 15744K
GC Heap History (10 events):
Event: 1.624 GC heap before
{Heap before GC invocations=29 (full 1):
 def new generation   total 4992K, used 4992K [0x05200000, 0x05760000, 0x0a750000)
  eden space 4480K, 100% used [0x05200000, 0x05660000, 0x05660000)
  from space 512K, 100% used [0x05660000, 0x056e0000, 0x056e0000)
  to   space 512K,   0% used [0x056e0000, 0x056e0000, 0x05760000)
 tenured generation   total 10944K, used 5705K [0x0a750000, 0x0b200000, 0x15200000)
   the space 10944K,  52% used [0x0a750000, 0x0ace2708, 0x0ace2800, 0x0b200000)
 Metaspace       used 13386K, capacity 13939K, committed 13952K, reserved 14720K
Event: 1.625 GC heap after
Heap after GC invocations=30 (full 1):
 def new generation   total 4992K, used 233K [0x05200000, 0x05760000, 0x0a750000)
  eden space 4480K,   0% used [0x05200000, 0x05200000, 0x05660000)
  from space 512K,  45% used [0x056e0000, 0x0571a630, 0x05760000)
  to   space 512K,   0% used [0x05660000, 0x05660000, 0x056e0000)
 tenured generation   total 10944K, used 5987K [0x0a750000, 0x0b200000, 0x15200000)
   the space 10944K,  54% used [0x0a750000, 0x0ad28cc0, 0x0ad28e00, 0x0b200000)
 Metaspace       used 13386K, capacity 13939K, committed 13952K, reserved 14720K
}
Event: 1.659 GC heap before
{Heap before GC invocations=30 (full 1):
 def new generation   total 4992K, used 4713K [0x05200000, 0x05760000, 0x0a750000)
  eden space 4480K, 100% used [0x05200000, 0x05660000, 0x05660000)
  from space 512K,  45% used [0x056e0000, 0x0571a630, 0x05760000)
  to   space 512K,   0% used [0x05660000, 0x05660000, 0x056e0000)
 tenured generation   total 10944K, used 5987K [0x0a750000, 0x0b200000, 0x15200000)
   the space 10944K,  54% used [0x0a750000, 0x0ad28cc0, 0x0ad28e00, 0x0b200000)
 Metaspace       used 13641K, capacity 14185K, committed 14208K, reserved 14720K
Event: 1.661 GC heap after
Heap after GC invocations=31 (full 1):
 def new generation   total 4992K, used 512K [0x05200000, 0x05760000, 0x0a750000)
  eden space 4480K,   0% used [0x05200000, 0x05200000, 0x05660000)
  from space 512K, 100% used [0x05660000, 0x056e0000, 0x056e0000)
  to   space 512K,   0% used [0x056e0000, 0x056e0000, 0x05760000)
 tenured generation   total 10944K, used 6076K [0x0a750000, 0x0b200000, 0x15200000)
   the space 10944K,  55% used [0x0a750000, 0x0ad3f3a0, 0x0ad3f400, 0x0b200000)
 Metaspace       used 13641K, capacity 14185K, committed 14208K, reserved 14720K
}
Event: 1.717 GC heap before
{Heap before GC invocations=31 (full 1):
 def new generation   total 4992K, used 4992K [0x05200000, 0x05760000, 0x0a750000)
  eden space 4480K, 100% used [0x05200000, 0x05660000, 0x05660000)
  from space 512K, 100% used [0x05660000, 0x056e0000, 0x056e0000)
  to   space 512K,   0% used [0x056e0000, 0x056e0000, 0x05760000)
 tenured generation   total 10944K, used 6076K [0x0a750000, 0x0b200000, 0x15200000)
   the space 10944K,  55% used [0x0a750000, 0x0ad3f3a0, 0x0ad3f400, 0x0b200000)
 Metaspace       used 13745K, capacity 14316K, committed 14336K, reserved 14720K
Event: 1.719 GC heap after
Heap after GC invocations=32 (full 1):
 def new generation   total 4992K, used 400K [0x05200000, 0x05760000, 0x0a750000)
  eden space 4480K,   0% used [0x05200000, 0x05200000, 0x05660000)
  from space 512K,  78% used [0x056e0000, 0x05744300, 0x05760000)
  to   space 512K,   0% used [0x05660000, 0x05660000, 0x056e0000)
 tenured generation   total 10944K, used 6266K [0x0a750000, 0x0b200000, 0x15200000)
   the space 10944K,  57% used [0x0a750000, 0x0ad6ebd0, 0x0ad6ec00, 0x0b200000)
 Metaspace       used 13745K, capacity 14316K, committed 14336K, reserved 14720K
}
Event: 1.757 GC heap before
{Heap before GC invocations=32 (full 1):
 def new generation   total 4992K, used 4880K [0x05200000, 0x05760000, 0x0a750000)
  eden space 4480K, 100% used [0x05200000, 0x05660000, 0x05660000)
  from space 512K,  78% used [0x056e0000, 0x05744300, 0x05760000)
  to   space 512K,   0% used [0x05660000, 0x05660000, 0x056e0000)
 tenured generation   total 10944K, used 6266K [0x0a750000, 0x0b200000, 0x15200000)
   the space 10944K,  57% used [0x0a750000, 0x0ad6ebd0, 0x0ad6ec00, 0x0b200000)
 Metaspace       used 13816K, capacity 14388K, committed 14464K, reserved 14720K
Event: 1.759 GC heap after
Heap after GC invocations=33 (full 1):
 def new generation   total 4992K, used 452K [0x05200000, 0x05760000, 0x0a750000)
  eden space 4480K,   0% used [0x05200000, 0x05200000, 0x05660000)
  from space 512K,  88% used [0x05660000, 0x056d1230, 0x056e0000)
  to   space 512K,   0% used [0x056e0000, 0x056e0000, 0x05760000)
 tenured generation   total 10944K, used 6439K [0x0a750000, 0x0b200000, 0x15200000)
   the space 10944K,  58% used [0x0a750000, 0x0ad99ea0, 0x0ad9a000, 0x0b200000)
 Metaspace       used 13816K, capacity 14388K, committed 14464K, reserved 14720K
}
Event: 1.798 GC heap before
{Heap before GC invocations=33 (full 1):
 def new generation   total 4992K, used 4932K [0x05200000, 0x05760000, 0x0a750000)
  eden space 4480K, 100% used [0x05200000, 0x05660000, 0x05660000)
  from space 512K,  88% used [0x05660000, 0x056d1230, 0x056e0000)
  to   space 512K,   0% used [0x056e0000, 0x056e0000, 0x05760000)
 tenured generation   total 10944K, used 6439K [0x0a750000, 0x0b200000, 0x15200000)
   the space 10944K,  58% used [0x0a750000, 0x0ad99ea0, 0x0ad9a000, 0x0b200000)
 Metaspace       used 13923K, capacity 14494K, committed 14592K, reserved 14720K
Event: 1.801 GC heap after
Heap after GC invocations=34 (full 1):
 def new generation   total 4992K, used 445K [0x05200000, 0x05760000, 0x0a750000)
  eden space 4480K,   0% used [0x05200000, 0x05200000, 0x05660000)
  from space 512K,  86% used [0x056e0000, 0x0574f580, 0x05760000)
  to   space 512K,   0% used [0x05660000, 0x05660000, 0x056e0000)
 tenured generation   total 10944K, used 6607K [0x0a750000, 0x0b200000, 0x15200000)
   the space 10944K,  60% used [0x0a750000, 0x0adc3f10, 0x0adc4000, 0x0b200000)
 Metaspace       used 13923K, capacity 14494K, committed 14592K, reserved 14720K
}

